[parser.yy (info)] Line 917: 
Production Rules
(rule precedences determined from %prec or 1st terminal between parentheses):
1: program ->  declaration_list procedure_definition
2: declaration_list ->  procedure_declaration
3: declaration_list ->  variable_declaration_list procedure_declaration
4: declaration_list ->  procedure_declaration variable_declaration_list
5: procedure_declaration (VOID) ->  VOID NAME '(' ')' ';'
6: procedure_definition (NAME) ->  NAME '(' ')' #0001 '{' optional_variable_declaration_list #0002 statement_list '}'
7: #0001 ->  <empty>
8: #0002 ->  <empty>
9: optional_variable_declaration_list ->  <empty>
10: optional_variable_declaration_list ->  variable_declaration_list
11: variable_declaration_list ->  variable_declaration
12: variable_declaration_list ->  variable_declaration_list variable_declaration
13: variable_declaration (';') ->  variable_type variable_list ';'
14: variable_type (INTEGER) ->  INTEGER
15: variable_type (FLOAT) ->  FLOAT
16: variable_list ->  variable_name
17: variable_list (',') ->  variable_list ',' variable_name
18: variable_name (NAME) ->  NAME
19: statement_list ->  <empty>
20: statement_list ->  statement_list statement
21: statement ->  selection_statement
22: statement ->  assignment_statement
23: statement ->  iterative_statement
24: statement ('{') ->  '{' statement_list '}'
25: selection_statement (THEN) ->  IF '(' boolean_expression ')' statement
26: selection_statement (IF) ->  IF '(' boolean_expression ')' statement ELSE statement
27: iterative_statement (WHILE) ->  WHILE '(' boolean_expression ')' statement
28: iterative_statement (DO) ->  DO statement WHILE '(' boolean_expression ')' ';'
29: boolean_expression (OR) ->  boolean_expression OR boolean_expression
30: boolean_expression (AND) ->  boolean_expression AND boolean_expression
31: boolean_expression (NOT) ->  NOT boolean_expression
32: boolean_expression ('(') ->  '(' boolean_expression ')'
33: boolean_expression ->  relational_expression
34: relational_expression (LT) ->  operand LT operand
35: relational_expression (LE) ->  operand LE operand
36: relational_expression (GT) ->  operand GT operand
37: relational_expression (GE) ->  operand GE operand
38: relational_expression (EQ) ->  operand EQ operand
39: relational_expression (NE) ->  operand NE operand
40: assignment_statement (ASSIGN) ->  variable ASSIGN arith_expression ';'
41: arith_expression ('+') ->  operand '+' operand
42: arith_expression ('-') ->  operand '-' operand
43: arith_expression ('*') ->  operand '*' operand
44: arith_expression ('/') ->  operand '/' operand
45: arith_expression (UMINUS) ->  '-' operand
46: arith_expression ('?') ->  boolean_expression '?' operand ':' operand
47: arith_expression ('(') ->  '(' operand ')'
48: arith_expression ->  expression_term
49: operand ->  arith_expression
50: expression_term ->  variable
51: expression_term ->  constant
52: variable (NAME) ->  NAME
53: constant (INTEGER_NUMBER) ->  INTEGER_NUMBER
54: constant (DOUBLE_NUMBER) ->  DOUBLE_NUMBER
55: program_$ ->  program

[parser.yy (info)] 
Symbolic Terminal tokens:
       error
       EOF
   257: INTEGER_NUMBER
   258: DOUBLE_NUMBER
   259: NAME
   260: INTEGER
   261: FLOAT
   262: ASSIGN
   263: VOID
   264: IF
   265: WHILE
   266: DO
   267: THEN
   268: ELSE
    63: '?'
   269: OR
   270: AND
   271: EQ
   272: NE
   273: LT
   274: LE
   275: GT
   276: GE
    43: '+'
    45: '-'
    42: '*'
    47: '/'
   277: UMINUS
   278: NOT
    40: '('
    41: ')'
    59: ';'
   123: '{'
   125: '}'
    44: ','
    58: ':'

[parser.yy (info)] 
Grammar States: 
[parser.yy (info)] State 0:
55: program_$ ->  . program 
  0:   On program to state 1
  1:   On declaration_list to state 2
  2:   On procedure_declaration to state 3
  3:   On variable_declaration_list to state 4
  4:   On VOID to state 5
  5:   On variable_declaration to state 6
  6:   On variable_type to state 7
  7:   On INTEGER to state 8
  8:   On FLOAT to state 9


State 1:
55: program_$ -> program  . 


State 2:
1: program -> declaration_list  . procedure_definition 
  0:   On procedure_definition to state 10
  1:   On NAME to state 11


State 3:
2: declaration_list -> procedure_declaration  . 
4: declaration_list -> procedure_declaration  . variable_declaration_list 
  0:   On variable_declaration_list to state 12
  1:   On variable_declaration to state 6
  2:   On variable_type to state 7
  3:   On INTEGER to state 8
  4:   On FLOAT to state 9
  Reduce by 2: declaration_list -> procedure_declaration  . 


State 4:
3: declaration_list -> variable_declaration_list  . procedure_declaration 
12: variable_declaration_list -> variable_declaration_list  . variable_declaration 
  0:   On procedure_declaration to state 13
  1:   On variable_declaration to state 14
  2:   On VOID to state 5
  3:   On variable_type to state 7
  4:   On INTEGER to state 8
  5:   On FLOAT to state 9


State 5:
5: procedure_declaration -> VOID  . NAME '(' ')' ';' 
  0:   On NAME to state 15


State 6:
11: variable_declaration_list -> variable_declaration  . 
  Reduce by 11: variable_declaration_list -> variable_declaration  . 


State 7:
13: variable_declaration -> variable_type  . variable_list ';' 
  0:   On variable_list to state 16
  1:   On variable_name to state 17
  2:   On NAME to state 18


State 8:
14: variable_type -> INTEGER  . 
  Reduce by 14: variable_type -> INTEGER  . 


State 9:
15: variable_type -> FLOAT  . 
  Reduce by 15: variable_type -> FLOAT  . 


State 10:
1: program -> declaration_list procedure_definition  . 
  Reduce by 1: program -> declaration_list procedure_definition  . 


State 11:
6: procedure_definition -> NAME  . '(' ')' #0001 '{' optional_variable_declaration_list #0002 statement_list '}' 
  0:   On '(' to state 19


State 12:
4: declaration_list -> procedure_declaration variable_declaration_list  . 
12: variable_declaration_list -> variable_declaration_list  . variable_declaration 
  0:   On variable_declaration to state 14
  1:   On variable_type to state 7
  2:   On INTEGER to state 8
  3:   On FLOAT to state 9
  Reduce by 4: declaration_list -> procedure_declaration variable_declaration_list  . 


State 13:
3: declaration_list -> variable_declaration_list procedure_declaration  . 
  Reduce by 3: declaration_list -> variable_declaration_list procedure_declaration  . 


State 14:
12: variable_declaration_list -> variable_declaration_list variable_declaration  . 
  Reduce by 12: variable_declaration_list -> variable_declaration_list variable_declaration  . 


State 15:
5: procedure_declaration -> VOID NAME  . '(' ')' ';' 
  0:   On '(' to state 20


State 16:
13: variable_declaration -> variable_type variable_list  . ';' 
17: variable_list -> variable_list  . ',' variable_name 
  0:   On ';' to state 21
  1:   On ',' to state 22


State 17:
16: variable_list -> variable_name  . 
  Reduce by 16: variable_list -> variable_name  . 


State 18:
18: variable_name -> NAME  . 
  Reduce by 18: variable_name -> NAME  . 


State 19:
6: procedure_definition -> NAME '('  . ')' #0001 '{' optional_variable_declaration_list #0002 statement_list '}' 
  0:   On ')' to state 23


State 20:
5: procedure_declaration -> VOID NAME '('  . ')' ';' 
  0:   On ')' to state 24


State 21:
13: variable_declaration -> variable_type variable_list ';'  . 
  Reduce by 13: variable_declaration -> variable_type variable_list ';'  . 


State 22:
17: variable_list -> variable_list ','  . variable_name 
  0:   On variable_name to state 25
  1:   On NAME to state 18


State 23:
6: procedure_definition -> NAME '(' ')'  . #0001 '{' optional_variable_declaration_list #0002 statement_list '}' 
  0:   On #0001 to state 26
  Reduce by 7: #0001 ->  . 


State 24:
5: procedure_declaration -> VOID NAME '(' ')'  . ';' 
  0:   On ';' to state 27


State 25:
17: variable_list -> variable_list ',' variable_name  . 
  Reduce by 17: variable_list -> variable_list ',' variable_name  . 


State 26:
6: procedure_definition -> NAME '(' ')' #0001  . '{' optional_variable_declaration_list #0002 statement_list '}' 
  0:   On '{' to state 28


State 27:
5: procedure_declaration -> VOID NAME '(' ')' ';'  . 
  Reduce by 5: procedure_declaration -> VOID NAME '(' ')' ';'  . 


State 28:
6: procedure_definition -> NAME '(' ')' #0001 '{'  . optional_variable_declaration_list #0002 statement_list '}' 
  0:   On optional_variable_declaration_list to state 29
  1:   On variable_declaration_list to state 30
  2:   On variable_declaration to state 6
  3:   On variable_type to state 7
  4:   On INTEGER to state 8
  5:   On FLOAT to state 9
  Reduce by 9: optional_variable_declaration_list ->  . 


State 29:
6: procedure_definition -> NAME '(' ')' #0001 '{' optional_variable_declaration_list  . #0002 statement_list '}' 
  0:   On #0002 to state 31
  Reduce by 8: #0002 ->  . 


State 30:
10: optional_variable_declaration_list -> variable_declaration_list  . 
12: variable_declaration_list -> variable_declaration_list  . variable_declaration 
  0:   On variable_declaration to state 14
  1:   On variable_type to state 7
  2:   On INTEGER to state 8
  3:   On FLOAT to state 9
  Reduce by 10: optional_variable_declaration_list -> variable_declaration_list  . 


State 31:
6: procedure_definition -> NAME '(' ')' #0001 '{' optional_variable_declaration_list #0002  . statement_list '}' 
  0:   On statement_list to state 32
  Reduce by 19: statement_list ->  . 


State 32:
6: procedure_definition -> NAME '(' ')' #0001 '{' optional_variable_declaration_list #0002 statement_list  . '}' 
20: statement_list -> statement_list  . statement 
  0:   On '}' to state 33
  1:   On statement to state 34
  2:   On selection_statement to state 35
  3:   On assignment_statement to state 36
  4:   On iterative_statement to state 37
  5:   On '{' to state 38
  6:   On IF to state 39
  7:   On variable to state 40
  8:   On WHILE to state 41
  9:   On DO to state 42
  10:   On NAME to state 43


State 33:
6: procedure_definition -> NAME '(' ')' #0001 '{' optional_variable_declaration_list #0002 statement_list '}'  . 
  Reduce by 6: procedure_definition -> NAME '(' ')' #0001 '{' optional_variable_declaration_list #0002 statement_list '}'  . 


State 34:
20: statement_list -> statement_list statement  . 
  Reduce by 20: statement_list -> statement_list statement  . 


State 35:
21: statement -> selection_statement  . 
  Reduce by 21: statement -> selection_statement  . 


State 36:
22: statement -> assignment_statement  . 
  Reduce by 22: statement -> assignment_statement  . 


State 37:
23: statement -> iterative_statement  . 
  Reduce by 23: statement -> iterative_statement  . 


State 38:
24: statement -> '{'  . statement_list '}' 
  0:   On statement_list to state 44
  Reduce by 19: statement_list ->  . 


State 39:
25: selection_statement -> IF  . '(' boolean_expression ')' statement 
26: selection_statement -> IF  . '(' boolean_expression ')' statement ELSE statement 
  0:   On '(' to state 45


State 40:
40: assignment_statement -> variable  . ASSIGN arith_expression ';' 
  0:   On ASSIGN to state 46


State 41:
27: iterative_statement -> WHILE  . '(' boolean_expression ')' statement 
  0:   On '(' to state 47


State 42:
28: iterative_statement -> DO  . statement WHILE '(' boolean_expression ')' ';' 
  0:   On statement to state 48
  1:   On selection_statement to state 35
  2:   On assignment_statement to state 36
  3:   On iterative_statement to state 37
  4:   On '{' to state 38
  5:   On IF to state 39
  6:   On variable to state 40
  7:   On WHILE to state 41
  8:   On DO to state 42
  9:   On NAME to state 43


State 43:
52: variable -> NAME  . 
  Reduce by 52: variable -> NAME  . 


State 44:
24: statement -> '{' statement_list  . '}' 
20: statement_list -> statement_list  . statement 
  0:   On '}' to state 49
  1:   On statement to state 34
  2:   On selection_statement to state 35
  3:   On assignment_statement to state 36
  4:   On iterative_statement to state 37
  5:   On '{' to state 38
  6:   On IF to state 39
  7:   On variable to state 40
  8:   On WHILE to state 41
  9:   On DO to state 42
  10:   On NAME to state 43


State 45:
25: selection_statement -> IF '('  . boolean_expression ')' statement 
26: selection_statement -> IF '('  . boolean_expression ')' statement ELSE statement 
  0:   On boolean_expression to state 50
  1:   On NOT to state 51
  2:   On '(' to state 52
  3:   On relational_expression to state 53
  4:   On operand to state 54
  5:   On arith_expression to state 55
  6:   On '-' to state 56
  7:   On expression_term to state 57
  8:   On variable to state 58
  9:   On constant to state 59
  10:   On NAME to state 43
  11:   On INTEGER_NUMBER to state 60
  12:   On DOUBLE_NUMBER to state 61


State 46:
40: assignment_statement -> variable ASSIGN  . arith_expression ';' 
  0:   On arith_expression to state 62
  1:   On operand to state 54
  2:   On '-' to state 56
  3:   On boolean_expression to state 63
  4:   On '(' to state 52
  5:   On expression_term to state 57
  6:   On NOT to state 51
  7:   On relational_expression to state 53
  8:   On variable to state 58
  9:   On constant to state 59
  10:   On NAME to state 43
  11:   On INTEGER_NUMBER to state 60
  12:   On DOUBLE_NUMBER to state 61


State 47:
27: iterative_statement -> WHILE '('  . boolean_expression ')' statement 
  0:   On boolean_expression to state 64
  1:   On NOT to state 51
  2:   On '(' to state 52
  3:   On relational_expression to state 53
  4:   On operand to state 54
  5:   On arith_expression to state 55
  6:   On '-' to state 56
  7:   On expression_term to state 57
  8:   On variable to state 58
  9:   On constant to state 59
  10:   On NAME to state 43
  11:   On INTEGER_NUMBER to state 60
  12:   On DOUBLE_NUMBER to state 61


State 48:
28: iterative_statement -> DO statement  . WHILE '(' boolean_expression ')' ';' 
  0:   On WHILE to state 65


State 49:
24: statement -> '{' statement_list '}'  . 
  Reduce by 24: statement -> '{' statement_list '}'  . 


State 50:
25: selection_statement -> IF '(' boolean_expression  . ')' statement 
26: selection_statement -> IF '(' boolean_expression  . ')' statement ELSE statement 
29: boolean_expression -> boolean_expression  . OR boolean_expression 
30: boolean_expression -> boolean_expression  . AND boolean_expression 
46: arith_expression -> boolean_expression  . '?' operand ':' operand 
  0:   On ')' to state 66
  1:   On OR to state 67
  2:   On AND to state 68
  3:   On '?' to state 69


State 51:
31: boolean_expression -> NOT  . boolean_expression 
  0:   On boolean_expression to state 70
  1:   On NOT to state 51
  2:   On '(' to state 52
  3:   On relational_expression to state 53
  4:   On operand to state 54
  5:   On arith_expression to state 55
  6:   On '-' to state 56
  7:   On expression_term to state 57
  8:   On variable to state 58
  9:   On constant to state 59
  10:   On NAME to state 43
  11:   On INTEGER_NUMBER to state 60
  12:   On DOUBLE_NUMBER to state 61


State 52:
32: boolean_expression -> '('  . boolean_expression ')' 
47: arith_expression -> '('  . operand ')' 
  0:   On boolean_expression to state 71
  1:   On operand to state 72
  2:   On NOT to state 51
  3:   On '(' to state 52
  4:   On relational_expression to state 53
  5:   On arith_expression to state 55
  6:   On '-' to state 56
  7:   On expression_term to state 57
  8:   On variable to state 58
  9:   On constant to state 59
  10:   On NAME to state 43
  11:   On INTEGER_NUMBER to state 60
  12:   On DOUBLE_NUMBER to state 61


State 53:
33: boolean_expression -> relational_expression  . 
  Reduce by 33: boolean_expression -> relational_expression  . 


State 54:
34: relational_expression -> operand  . LT operand 
35: relational_expression -> operand  . LE operand 
36: relational_expression -> operand  . GT operand 
37: relational_expression -> operand  . GE operand 
38: relational_expression -> operand  . EQ operand 
39: relational_expression -> operand  . NE operand 
41: arith_expression -> operand  . '+' operand 
42: arith_expression -> operand  . '-' operand 
43: arith_expression -> operand  . '*' operand 
44: arith_expression -> operand  . '/' operand 
  0:   On LT to state 73
  1:   On LE to state 74
  2:   On GT to state 75
  3:   On GE to state 76
  4:   On EQ to state 77
  5:   On NE to state 78
  6:   On '+' to state 79
  7:   On '-' to state 80
  8:   On '*' to state 81
  9:   On '/' to state 82


State 55:
49: operand -> arith_expression  . 
  Reduce by 49: operand -> arith_expression  . 


State 56:
45: arith_expression -> '-'  . operand 
  0:   On operand to state 83
  1:   On arith_expression to state 55
  2:   On '-' to state 56
  3:   On boolean_expression to state 63
  4:   On '(' to state 52
  5:   On expression_term to state 57
  6:   On NOT to state 51
  7:   On relational_expression to state 53
  8:   On variable to state 58
  9:   On constant to state 59
  10:   On NAME to state 43
  11:   On INTEGER_NUMBER to state 60
  12:   On DOUBLE_NUMBER to state 61


State 57:
48: arith_expression -> expression_term  . 
  Reduce by 48: arith_expression -> expression_term  . 


State 58:
50: expression_term -> variable  . 
  Reduce by 50: expression_term -> variable  . 


State 59:
51: expression_term -> constant  . 
  Reduce by 51: expression_term -> constant  . 


State 60:
53: constant -> INTEGER_NUMBER  . 
  Reduce by 53: constant -> INTEGER_NUMBER  . 


State 61:
54: constant -> DOUBLE_NUMBER  . 
  Reduce by 54: constant -> DOUBLE_NUMBER  . 


State 62:
40: assignment_statement -> variable ASSIGN arith_expression  . ';' 
49: operand -> arith_expression  . 
  0:   On ';' to state 84
  Reduce by 49: operand -> arith_expression  . 


State 63:
46: arith_expression -> boolean_expression  . '?' operand ':' operand 
29: boolean_expression -> boolean_expression  . OR boolean_expression 
30: boolean_expression -> boolean_expression  . AND boolean_expression 
  0:   On '?' to state 69
  1:   On OR to state 67
  2:   On AND to state 68


State 64:
27: iterative_statement -> WHILE '(' boolean_expression  . ')' statement 
29: boolean_expression -> boolean_expression  . OR boolean_expression 
30: boolean_expression -> boolean_expression  . AND boolean_expression 
46: arith_expression -> boolean_expression  . '?' operand ':' operand 
  0:   On ')' to state 85
  1:   On OR to state 67
  2:   On AND to state 68
  3:   On '?' to state 69


State 65:
28: iterative_statement -> DO statement WHILE  . '(' boolean_expression ')' ';' 
  0:   On '(' to state 86


State 66:
25: selection_statement -> IF '(' boolean_expression ')'  . statement 
26: selection_statement -> IF '(' boolean_expression ')'  . statement ELSE statement 
  0:   On statement to state 87
  1:   On selection_statement to state 35
  2:   On assignment_statement to state 36
  3:   On iterative_statement to state 37
  4:   On '{' to state 38
  5:   On IF to state 39
  6:   On variable to state 40
  7:   On WHILE to state 41
  8:   On DO to state 42
  9:   On NAME to state 43


State 67:
29: boolean_expression -> boolean_expression OR  . boolean_expression 
  0:   On boolean_expression to state 88
  1:   On NOT to state 51
  2:   On '(' to state 52
  3:   On relational_expression to state 53
  4:   On operand to state 54
  5:   On arith_expression to state 55
  6:   On '-' to state 56
  7:   On expression_term to state 57
  8:   On variable to state 58
  9:   On constant to state 59
  10:   On NAME to state 43
  11:   On INTEGER_NUMBER to state 60
  12:   On DOUBLE_NUMBER to state 61


State 68:
30: boolean_expression -> boolean_expression AND  . boolean_expression 
  0:   On boolean_expression to state 89
  1:   On NOT to state 51
  2:   On '(' to state 52
  3:   On relational_expression to state 53
  4:   On operand to state 54
  5:   On arith_expression to state 55
  6:   On '-' to state 56
  7:   On expression_term to state 57
  8:   On variable to state 58
  9:   On constant to state 59
  10:   On NAME to state 43
  11:   On INTEGER_NUMBER to state 60
  12:   On DOUBLE_NUMBER to state 61


State 69:
46: arith_expression -> boolean_expression '?'  . operand ':' operand 
  0:   On operand to state 90
  1:   On arith_expression to state 55
  2:   On '-' to state 56
  3:   On boolean_expression to state 63
  4:   On '(' to state 52
  5:   On expression_term to state 57
  6:   On NOT to state 51
  7:   On relational_expression to state 53
  8:   On variable to state 58
  9:   On constant to state 59
  10:   On NAME to state 43
  11:   On INTEGER_NUMBER to state 60
  12:   On DOUBLE_NUMBER to state 61


State 70:
31: boolean_expression -> NOT boolean_expression  . 
29: boolean_expression -> boolean_expression  . OR boolean_expression 
30: boolean_expression -> boolean_expression  . AND boolean_expression 
46: arith_expression -> boolean_expression  . '?' operand ':' operand 
  0 (removed by precedence):   On OR to state 67
  1 (removed by precedence):   On AND to state 68
  2 (removed by precedence):   On '?' to state 69
  Reduce by 31: boolean_expression -> NOT boolean_expression  . 


State 71:
32: boolean_expression -> '(' boolean_expression  . ')' 
29: boolean_expression -> boolean_expression  . OR boolean_expression 
30: boolean_expression -> boolean_expression  . AND boolean_expression 
46: arith_expression -> boolean_expression  . '?' operand ':' operand 
  0:   On ')' to state 91
  1:   On OR to state 67
  2:   On AND to state 68
  3:   On '?' to state 69


State 72:
47: arith_expression -> '(' operand  . ')' 
34: relational_expression -> operand  . LT operand 
35: relational_expression -> operand  . LE operand 
36: relational_expression -> operand  . GT operand 
37: relational_expression -> operand  . GE operand 
38: relational_expression -> operand  . EQ operand 
39: relational_expression -> operand  . NE operand 
41: arith_expression -> operand  . '+' operand 
42: arith_expression -> operand  . '-' operand 
43: arith_expression -> operand  . '*' operand 
44: arith_expression -> operand  . '/' operand 
  0:   On ')' to state 92
  1:   On LT to state 73
  2:   On LE to state 74
  3:   On GT to state 75
  4:   On GE to state 76
  5:   On EQ to state 77
  6:   On NE to state 78
  7:   On '+' to state 79
  8:   On '-' to state 80
  9:   On '*' to state 81
  10:   On '/' to state 82


State 73:
34: relational_expression -> operand LT  . operand 
  0:   On operand to state 93
  1:   On arith_expression to state 55
  2:   On '-' to state 56
  3:   On boolean_expression to state 63
  4:   On '(' to state 52
  5:   On expression_term to state 57
  6:   On NOT to state 51
  7:   On relational_expression to state 53
  8:   On variable to state 58
  9:   On constant to state 59
  10:   On NAME to state 43
  11:   On INTEGER_NUMBER to state 60
  12:   On DOUBLE_NUMBER to state 61


State 74:
35: relational_expression -> operand LE  . operand 
  0:   On operand to state 94
  1:   On arith_expression to state 55
  2:   On '-' to state 56
  3:   On boolean_expression to state 63
  4:   On '(' to state 52
  5:   On expression_term to state 57
  6:   On NOT to state 51
  7:   On relational_expression to state 53
  8:   On variable to state 58
  9:   On constant to state 59
  10:   On NAME to state 43
  11:   On INTEGER_NUMBER to state 60
  12:   On DOUBLE_NUMBER to state 61


State 75:
36: relational_expression -> operand GT  . operand 
  0:   On operand to state 95
  1:   On arith_expression to state 55
  2:   On '-' to state 56
  3:   On boolean_expression to state 63
  4:   On '(' to state 52
  5:   On expression_term to state 57
  6:   On NOT to state 51
  7:   On relational_expression to state 53
  8:   On variable to state 58
  9:   On constant to state 59
  10:   On NAME to state 43
  11:   On INTEGER_NUMBER to state 60
  12:   On DOUBLE_NUMBER to state 61


State 76:
37: relational_expression -> operand GE  . operand 
  0:   On operand to state 96
  1:   On arith_expression to state 55
  2:   On '-' to state 56
  3:   On boolean_expression to state 63
  4:   On '(' to state 52
  5:   On expression_term to state 57
  6:   On NOT to state 51
  7:   On relational_expression to state 53
  8:   On variable to state 58
  9:   On constant to state 59
  10:   On NAME to state 43
  11:   On INTEGER_NUMBER to state 60
  12:   On DOUBLE_NUMBER to state 61


State 77:
38: relational_expression -> operand EQ  . operand 
  0:   On operand to state 97
  1:   On arith_expression to state 55
  2:   On '-' to state 56
  3:   On boolean_expression to state 63
  4:   On '(' to state 52
  5:   On expression_term to state 57
  6:   On NOT to state 51
  7:   On relational_expression to state 53
  8:   On variable to state 58
  9:   On constant to state 59
  10:   On NAME to state 43
  11:   On INTEGER_NUMBER to state 60
  12:   On DOUBLE_NUMBER to state 61


State 78:
39: relational_expression -> operand NE  . operand 
  0:   On operand to state 98
  1:   On arith_expression to state 55
  2:   On '-' to state 56
  3:   On boolean_expression to state 63
  4:   On '(' to state 52
  5:   On expression_term to state 57
  6:   On NOT to state 51
  7:   On relational_expression to state 53
  8:   On variable to state 58
  9:   On constant to state 59
  10:   On NAME to state 43
  11:   On INTEGER_NUMBER to state 60
  12:   On DOUBLE_NUMBER to state 61


State 79:
41: arith_expression -> operand '+'  . operand 
  0:   On operand to state 99
  1:   On arith_expression to state 55
  2:   On '-' to state 56
  3:   On boolean_expression to state 63
  4:   On '(' to state 52
  5:   On expression_term to state 57
  6:   On NOT to state 51
  7:   On relational_expression to state 53
  8:   On variable to state 58
  9:   On constant to state 59
  10:   On NAME to state 43
  11:   On INTEGER_NUMBER to state 60
  12:   On DOUBLE_NUMBER to state 61


State 80:
42: arith_expression -> operand '-'  . operand 
  0:   On operand to state 100
  1:   On arith_expression to state 55
  2:   On '-' to state 56
  3:   On boolean_expression to state 63
  4:   On '(' to state 52
  5:   On expression_term to state 57
  6:   On NOT to state 51
  7:   On relational_expression to state 53
  8:   On variable to state 58
  9:   On constant to state 59
  10:   On NAME to state 43
  11:   On INTEGER_NUMBER to state 60
  12:   On DOUBLE_NUMBER to state 61


State 81:
43: arith_expression -> operand '*'  . operand 
  0:   On operand to state 101
  1:   On arith_expression to state 55
  2:   On '-' to state 56
  3:   On boolean_expression to state 63
  4:   On '(' to state 52
  5:   On expression_term to state 57
  6:   On NOT to state 51
  7:   On relational_expression to state 53
  8:   On variable to state 58
  9:   On constant to state 59
  10:   On NAME to state 43
  11:   On INTEGER_NUMBER to state 60
  12:   On DOUBLE_NUMBER to state 61


State 82:
44: arith_expression -> operand '/'  . operand 
  0:   On operand to state 102
  1:   On arith_expression to state 55
  2:   On '-' to state 56
  3:   On boolean_expression to state 63
  4:   On '(' to state 52
  5:   On expression_term to state 57
  6:   On NOT to state 51
  7:   On relational_expression to state 53
  8:   On variable to state 58
  9:   On constant to state 59
  10:   On NAME to state 43
  11:   On INTEGER_NUMBER to state 60
  12:   On DOUBLE_NUMBER to state 61


State 83:
45: arith_expression -> '-' operand  . 
41: arith_expression -> operand  . '+' operand 
42: arith_expression -> operand  . '-' operand 
43: arith_expression -> operand  . '*' operand 
44: arith_expression -> operand  . '/' operand 
34: relational_expression -> operand  . LT operand 
35: relational_expression -> operand  . LE operand 
36: relational_expression -> operand  . GT operand 
37: relational_expression -> operand  . GE operand 
38: relational_expression -> operand  . EQ operand 
39: relational_expression -> operand  . NE operand 
  0 (removed by precedence):   On '+' to state 79
  1 (removed by precedence):   On '-' to state 80
  2 (removed by precedence):   On '*' to state 81
  3 (removed by precedence):   On '/' to state 82
  4 (removed by precedence):   On LT to state 73
  5 (removed by precedence):   On LE to state 74
  6 (removed by precedence):   On GT to state 75
  7 (removed by precedence):   On GE to state 76
  8 (removed by precedence):   On EQ to state 77
  9 (removed by precedence):   On NE to state 78
  Reduce by 45: arith_expression -> '-' operand  . 


State 84:
40: assignment_statement -> variable ASSIGN arith_expression ';'  . 
  Reduce by 40: assignment_statement -> variable ASSIGN arith_expression ';'  . 


State 85:
27: iterative_statement -> WHILE '(' boolean_expression ')'  . statement 
  0:   On statement to state 103
  1:   On selection_statement to state 35
  2:   On assignment_statement to state 36
  3:   On iterative_statement to state 37
  4:   On '{' to state 38
  5:   On IF to state 39
  6:   On variable to state 40
  7:   On WHILE to state 41
  8:   On DO to state 42
  9:   On NAME to state 43


State 86:
28: iterative_statement -> DO statement WHILE '('  . boolean_expression ')' ';' 
  0:   On boolean_expression to state 104
  1:   On NOT to state 51
  2:   On '(' to state 52
  3:   On relational_expression to state 53
  4:   On operand to state 54
  5:   On arith_expression to state 55
  6:   On '-' to state 56
  7:   On expression_term to state 57
  8:   On variable to state 58
  9:   On constant to state 59
  10:   On NAME to state 43
  11:   On INTEGER_NUMBER to state 60
  12:   On DOUBLE_NUMBER to state 61


State 87:
25: selection_statement -> IF '(' boolean_expression ')' statement  . 
26: selection_statement -> IF '(' boolean_expression ')' statement  . ELSE statement 
  0:   On ELSE to state 105
  Reduce by 25: selection_statement -> IF '(' boolean_expression ')' statement  . 


State 88:
29: boolean_expression -> boolean_expression OR boolean_expression  . 
29: boolean_expression -> boolean_expression  . OR boolean_expression 
30: boolean_expression -> boolean_expression  . AND boolean_expression 
46: arith_expression -> boolean_expression  . '?' operand ':' operand 
  0 (removed by precedence):   On OR to state 67
  1:   On AND to state 68
  2 (removed by precedence):   On '?' to state 69
  Reduce by 29: boolean_expression -> boolean_expression OR boolean_expression  . 


State 89:
30: boolean_expression -> boolean_expression AND boolean_expression  . 
29: boolean_expression -> boolean_expression  . OR boolean_expression 
30: boolean_expression -> boolean_expression  . AND boolean_expression 
46: arith_expression -> boolean_expression  . '?' operand ':' operand 
  0 (removed by precedence):   On OR to state 67
  1 (removed by precedence):   On AND to state 68
  2 (removed by precedence):   On '?' to state 69
  Reduce by 30: boolean_expression -> boolean_expression AND boolean_expression  . 


State 90:
46: arith_expression -> boolean_expression '?' operand  . ':' operand 
41: arith_expression -> operand  . '+' operand 
42: arith_expression -> operand  . '-' operand 
43: arith_expression -> operand  . '*' operand 
44: arith_expression -> operand  . '/' operand 
34: relational_expression -> operand  . LT operand 
35: relational_expression -> operand  . LE operand 
36: relational_expression -> operand  . GT operand 
37: relational_expression -> operand  . GE operand 
38: relational_expression -> operand  . EQ operand 
39: relational_expression -> operand  . NE operand 
  0:   On ':' to state 106
  1:   On '+' to state 79
  2:   On '-' to state 80
  3:   On '*' to state 81
  4:   On '/' to state 82
  5:   On LT to state 73
  6:   On LE to state 74
  7:   On GT to state 75
  8:   On GE to state 76
  9:   On EQ to state 77
  10:   On NE to state 78


State 91:
32: boolean_expression -> '(' boolean_expression ')'  . 
  Reduce by 32: boolean_expression -> '(' boolean_expression ')'  . 


State 92:
47: arith_expression -> '(' operand ')'  . 
  Reduce by 47: arith_expression -> '(' operand ')'  . 


State 93:
34: relational_expression -> operand LT operand  . 
41: arith_expression -> operand  . '+' operand 
42: arith_expression -> operand  . '-' operand 
43: arith_expression -> operand  . '*' operand 
44: arith_expression -> operand  . '/' operand 
34: relational_expression -> operand  . LT operand 
35: relational_expression -> operand  . LE operand 
36: relational_expression -> operand  . GT operand 
37: relational_expression -> operand  . GE operand 
38: relational_expression -> operand  . EQ operand 
39: relational_expression -> operand  . NE operand 
  0:   On '+' to state 79
  1:   On '-' to state 80
  2:   On '*' to state 81
  3:   On '/' to state 82
  4 (removed by precedence):   On LT to state 73
  5 (removed by precedence):   On LE to state 74
  6 (removed by precedence):   On GT to state 75
  7 (removed by precedence):   On GE to state 76
  8 (removed by precedence):   On EQ to state 77
  9 (removed by precedence):   On NE to state 78
  Reduce by 34: relational_expression -> operand LT operand  . 


State 94:
35: relational_expression -> operand LE operand  . 
41: arith_expression -> operand  . '+' operand 
42: arith_expression -> operand  . '-' operand 
43: arith_expression -> operand  . '*' operand 
44: arith_expression -> operand  . '/' operand 
34: relational_expression -> operand  . LT operand 
35: relational_expression -> operand  . LE operand 
36: relational_expression -> operand  . GT operand 
37: relational_expression -> operand  . GE operand 
38: relational_expression -> operand  . EQ operand 
39: relational_expression -> operand  . NE operand 
  0:   On '+' to state 79
  1:   On '-' to state 80
  2:   On '*' to state 81
  3:   On '/' to state 82
  4 (removed by precedence):   On LT to state 73
  5 (removed by precedence):   On LE to state 74
  6 (removed by precedence):   On GT to state 75
  7 (removed by precedence):   On GE to state 76
  8 (removed by precedence):   On EQ to state 77
  9 (removed by precedence):   On NE to state 78
  Reduce by 35: relational_expression -> operand LE operand  . 


State 95:
36: relational_expression -> operand GT operand  . 
41: arith_expression -> operand  . '+' operand 
42: arith_expression -> operand  . '-' operand 
43: arith_expression -> operand  . '*' operand 
44: arith_expression -> operand  . '/' operand 
34: relational_expression -> operand  . LT operand 
35: relational_expression -> operand  . LE operand 
36: relational_expression -> operand  . GT operand 
37: relational_expression -> operand  . GE operand 
38: relational_expression -> operand  . EQ operand 
39: relational_expression -> operand  . NE operand 
  0:   On '+' to state 79
  1:   On '-' to state 80
  2:   On '*' to state 81
  3:   On '/' to state 82
  4 (removed by precedence):   On LT to state 73
  5 (removed by precedence):   On LE to state 74
  6 (removed by precedence):   On GT to state 75
  7 (removed by precedence):   On GE to state 76
  8 (removed by precedence):   On EQ to state 77
  9 (removed by precedence):   On NE to state 78
  Reduce by 36: relational_expression -> operand GT operand  . 


State 96:
37: relational_expression -> operand GE operand  . 
41: arith_expression -> operand  . '+' operand 
42: arith_expression -> operand  . '-' operand 
43: arith_expression -> operand  . '*' operand 
44: arith_expression -> operand  . '/' operand 
34: relational_expression -> operand  . LT operand 
35: relational_expression -> operand  . LE operand 
36: relational_expression -> operand  . GT operand 
37: relational_expression -> operand  . GE operand 
38: relational_expression -> operand  . EQ operand 
39: relational_expression -> operand  . NE operand 
  0:   On '+' to state 79
  1:   On '-' to state 80
  2:   On '*' to state 81
  3:   On '/' to state 82
  4 (removed by precedence):   On LT to state 73
  5 (removed by precedence):   On LE to state 74
  6 (removed by precedence):   On GT to state 75
  7 (removed by precedence):   On GE to state 76
  8 (removed by precedence):   On EQ to state 77
  9 (removed by precedence):   On NE to state 78
  Reduce by 37: relational_expression -> operand GE operand  . 


State 97:
38: relational_expression -> operand EQ operand  . 
41: arith_expression -> operand  . '+' operand 
42: arith_expression -> operand  . '-' operand 
43: arith_expression -> operand  . '*' operand 
44: arith_expression -> operand  . '/' operand 
34: relational_expression -> operand  . LT operand 
35: relational_expression -> operand  . LE operand 
36: relational_expression -> operand  . GT operand 
37: relational_expression -> operand  . GE operand 
38: relational_expression -> operand  . EQ operand 
39: relational_expression -> operand  . NE operand 
  0:   On '+' to state 79
  1:   On '-' to state 80
  2:   On '*' to state 81
  3:   On '/' to state 82
  4:   On LT to state 73
  5:   On LE to state 74
  6:   On GT to state 75
  7:   On GE to state 76
  8:   On EQ to state 77
  9:   On NE to state 78
  Reduce by 38: relational_expression -> operand EQ operand  . 


State 98:
39: relational_expression -> operand NE operand  . 
41: arith_expression -> operand  . '+' operand 
42: arith_expression -> operand  . '-' operand 
43: arith_expression -> operand  . '*' operand 
44: arith_expression -> operand  . '/' operand 
34: relational_expression -> operand  . LT operand 
35: relational_expression -> operand  . LE operand 
36: relational_expression -> operand  . GT operand 
37: relational_expression -> operand  . GE operand 
38: relational_expression -> operand  . EQ operand 
39: relational_expression -> operand  . NE operand 
  0:   On '+' to state 79
  1:   On '-' to state 80
  2:   On '*' to state 81
  3:   On '/' to state 82
  4:   On LT to state 73
  5:   On LE to state 74
  6:   On GT to state 75
  7:   On GE to state 76
  8:   On EQ to state 77
  9:   On NE to state 78
  Reduce by 39: relational_expression -> operand NE operand  . 


State 99:
41: arith_expression -> operand '+' operand  . 
41: arith_expression -> operand  . '+' operand 
42: arith_expression -> operand  . '-' operand 
43: arith_expression -> operand  . '*' operand 
44: arith_expression -> operand  . '/' operand 
34: relational_expression -> operand  . LT operand 
35: relational_expression -> operand  . LE operand 
36: relational_expression -> operand  . GT operand 
37: relational_expression -> operand  . GE operand 
38: relational_expression -> operand  . EQ operand 
39: relational_expression -> operand  . NE operand 
  0 (removed by precedence):   On '+' to state 79
  1 (removed by precedence):   On '-' to state 80
  2:   On '*' to state 81
  3:   On '/' to state 82
  4 (removed by precedence):   On LT to state 73
  5 (removed by precedence):   On LE to state 74
  6 (removed by precedence):   On GT to state 75
  7 (removed by precedence):   On GE to state 76
  8 (removed by precedence):   On EQ to state 77
  9 (removed by precedence):   On NE to state 78
  Reduce by 41: arith_expression -> operand '+' operand  . 


State 100:
42: arith_expression -> operand '-' operand  . 
41: arith_expression -> operand  . '+' operand 
42: arith_expression -> operand  . '-' operand 
43: arith_expression -> operand  . '*' operand 
44: arith_expression -> operand  . '/' operand 
34: relational_expression -> operand  . LT operand 
35: relational_expression -> operand  . LE operand 
36: relational_expression -> operand  . GT operand 
37: relational_expression -> operand  . GE operand 
38: relational_expression -> operand  . EQ operand 
39: relational_expression -> operand  . NE operand 
  0 (removed by precedence):   On '+' to state 79
  1 (removed by precedence):   On '-' to state 80
  2:   On '*' to state 81
  3:   On '/' to state 82
  4 (removed by precedence):   On LT to state 73
  5 (removed by precedence):   On LE to state 74
  6 (removed by precedence):   On GT to state 75
  7 (removed by precedence):   On GE to state 76
  8 (removed by precedence):   On EQ to state 77
  9 (removed by precedence):   On NE to state 78
  Reduce by 42: arith_expression -> operand '-' operand  . 


State 101:
43: arith_expression -> operand '*' operand  . 
41: arith_expression -> operand  . '+' operand 
42: arith_expression -> operand  . '-' operand 
43: arith_expression -> operand  . '*' operand 
44: arith_expression -> operand  . '/' operand 
34: relational_expression -> operand  . LT operand 
35: relational_expression -> operand  . LE operand 
36: relational_expression -> operand  . GT operand 
37: relational_expression -> operand  . GE operand 
38: relational_expression -> operand  . EQ operand 
39: relational_expression -> operand  . NE operand 
  0 (removed by precedence):   On '+' to state 79
  1 (removed by precedence):   On '-' to state 80
  2 (removed by precedence):   On '*' to state 81
  3 (removed by precedence):   On '/' to state 82
  4 (removed by precedence):   On LT to state 73
  5 (removed by precedence):   On LE to state 74
  6 (removed by precedence):   On GT to state 75
  7 (removed by precedence):   On GE to state 76
  8 (removed by precedence):   On EQ to state 77
  9 (removed by precedence):   On NE to state 78
  Reduce by 43: arith_expression -> operand '*' operand  . 


State 102:
44: arith_expression -> operand '/' operand  . 
41: arith_expression -> operand  . '+' operand 
42: arith_expression -> operand  . '-' operand 
43: arith_expression -> operand  . '*' operand 
44: arith_expression -> operand  . '/' operand 
34: relational_expression -> operand  . LT operand 
35: relational_expression -> operand  . LE operand 
36: relational_expression -> operand  . GT operand 
37: relational_expression -> operand  . GE operand 
38: relational_expression -> operand  . EQ operand 
39: relational_expression -> operand  . NE operand 
  0 (removed by precedence):   On '+' to state 79
  1 (removed by precedence):   On '-' to state 80
  2 (removed by precedence):   On '*' to state 81
  3 (removed by precedence):   On '/' to state 82
  4 (removed by precedence):   On LT to state 73
  5 (removed by precedence):   On LE to state 74
  6 (removed by precedence):   On GT to state 75
  7 (removed by precedence):   On GE to state 76
  8 (removed by precedence):   On EQ to state 77
  9 (removed by precedence):   On NE to state 78
  Reduce by 44: arith_expression -> operand '/' operand  . 


State 103:
27: iterative_statement -> WHILE '(' boolean_expression ')' statement  . 
  Reduce by 27: iterative_statement -> WHILE '(' boolean_expression ')' statement  . 


State 104:
28: iterative_statement -> DO statement WHILE '(' boolean_expression  . ')' ';' 
29: boolean_expression -> boolean_expression  . OR boolean_expression 
30: boolean_expression -> boolean_expression  . AND boolean_expression 
46: arith_expression -> boolean_expression  . '?' operand ':' operand 
  0:   On ')' to state 107
  1:   On OR to state 67
  2:   On AND to state 68
  3:   On '?' to state 69


State 105:
26: selection_statement -> IF '(' boolean_expression ')' statement ELSE  . statement 
  0:   On statement to state 108
  1:   On selection_statement to state 35
  2:   On assignment_statement to state 36
  3:   On iterative_statement to state 37
  4:   On '{' to state 38
  5:   On IF to state 39
  6:   On variable to state 40
  7:   On WHILE to state 41
  8:   On DO to state 42
  9:   On NAME to state 43


State 106:
46: arith_expression -> boolean_expression '?' operand ':'  . operand 
  0:   On operand to state 109
  1:   On arith_expression to state 55
  2:   On '-' to state 56
  3:   On boolean_expression to state 63
  4:   On '(' to state 52
  5:   On expression_term to state 57
  6:   On NOT to state 51
  7:   On relational_expression to state 53
  8:   On variable to state 58
  9:   On constant to state 59
  10:   On NAME to state 43
  11:   On INTEGER_NUMBER to state 60
  12:   On DOUBLE_NUMBER to state 61


State 107:
28: iterative_statement -> DO statement WHILE '(' boolean_expression ')'  . ';' 
  0:   On ';' to state 110


State 108:
26: selection_statement -> IF '(' boolean_expression ')' statement ELSE statement  . 
  Reduce by 26: selection_statement -> IF '(' boolean_expression ')' statement ELSE statement  . 


State 109:
46: arith_expression -> boolean_expression '?' operand ':' operand  . 
41: arith_expression -> operand  . '+' operand 
42: arith_expression -> operand  . '-' operand 
43: arith_expression -> operand  . '*' operand 
44: arith_expression -> operand  . '/' operand 
34: relational_expression -> operand  . LT operand 
35: relational_expression -> operand  . LE operand 
36: relational_expression -> operand  . GT operand 
37: relational_expression -> operand  . GE operand 
38: relational_expression -> operand  . EQ operand 
39: relational_expression -> operand  . NE operand 
  0:   On '+' to state 79
  1:   On '-' to state 80
  2:   On '*' to state 81
  3:   On '/' to state 82
  4:   On LT to state 73
  5:   On LE to state 74
  6:   On GT to state 75
  7:   On GE to state 76
  8:   On EQ to state 77
  9:   On NE to state 78
  Reduce by 46: arith_expression -> boolean_expression '?' operand ':' operand  . 


State 110:
28: iterative_statement -> DO statement WHILE '(' boolean_expression ')' ';'  . 
  Reduce by 28: iterative_statement -> DO statement WHILE '(' boolean_expression ')' ';'  . 



